<?xml version="1.0" encoding="UTF-8"?>
<!-- Generated by org.testng.reporters.JUnitXMLReporter -->
<testsuite ignored="0" hostname="LAPTOP-P6AA0EJQ" failures="0" tests="3" name="Default test" time="40.671" errors="0" timestamp="05 Nov 2022 06:00:51 GMT">
  <testcase classname="test.AddCategoryTest" name="userShouldBeAbleToAddCategory" time="10.08"/>
  <testcase classname="test.AddCategoryTest" name="userShouldNotBeAbleToAddDuplicate" time="21.162"/>
  <testcase classname="test.AddCategoryTest" name="dropDownShouldHaveAllMonths" time="0.561"/>
</testsuite> <!-- Default test -->
